INFO: [SIM 2] *************** CSIM start ***************
INFO: [SIM 4] CSIM will launch GCC as the compiler.
   Compiling ../../../../src/fft.cpp in debug mode
   Generating csim.exe
../../../../src/fft.cpp: In function ‘void vr_ifft(c_fft_op_vec_t*, c_fft_op_vec2_stream&, ctrl1_t*, ctrl2_t*, layer1_t*, actp_t*)’:
../../../../src/fft.cpp:212:64: warning: ‘no_ctor’ attribute directive ignored [-Wattributes]
   c_fft_op_t input_data[MAX_PS][MAX_PS] __attribute__((no_ctor));
                                                                ^
../../../../src/fft.cpp:213:64: warning: ‘no_ctor’ attribute directive ignored [-Wattributes]
   c_fft_op_t out_data_1[MAX_PS][MAX_PS] __attribute__((no_ctor));
                                                                ^
../../../../src/fft.cpp:214:64: warning: ‘no_ctor’ attribute directive ignored [-Wattributes]
   c_fft_op_t out_data_2[MAX_PS][MAX_PS] __attribute__((no_ctor));
                                                                ^
../../../../src/fft.cpp:215:64: warning: ‘no_ctor’ attribute directive ignored [-Wattributes]
   c_fft_op_t out_data_3[MAX_PS][MAX_PS] __attribute__((no_ctor));
                                                                ^
../../../../src/fft.cpp:216:64: warning: ‘no_ctor’ attribute directive ignored [-Wattributes]
   c_fft_op_t out_data_4[MAX_PS][MAX_PS] __attribute__((no_ctor));
                                                                ^
../../../../src/fft.cpp:217:64: warning: ‘no_ctor’ attribute directive ignored [-Wattributes]
   c_fft_op_t out_data_5[MAX_PS][MAX_PS] __attribute__((no_ctor));
                                                                ^
../../../../src/fft.cpp:218:64: warning: ‘no_ctor’ attribute directive ignored [-Wattributes]
   c_fft_op_t out_data_6[MAX_PS][MAX_PS] __attribute__((no_ctor));
                                                                ^
../../../../src/fft.cpp:219:64: warning: ‘no_ctor’ attribute directive ignored [-Wattributes]
   c_fft_op_t out_data_7[MAX_PS][MAX_PS] __attribute__((no_ctor));
                                                                ^
/tools/Xilinx/Vivado/2022.2/tps/lnx64/binutils-2.37/bin/ld: /lib/x86_64-linux-gnu/libm.so.6: unknown type [0x13] section `.relr.dyn'
/tools/Xilinx/Vivado/2022.2/tps/lnx64/binutils-2.37/bin/ld: skipping incompatible /lib/x86_64-linux-gnu/libm.so.6 when searching for /lib/x86_64-linux-gnu/libm.so.6
/tools/Xilinx/Vivado/2022.2/tps/lnx64/binutils-2.37/bin/ld: cannot find /lib/x86_64-linux-gnu/libm.so.6
/tools/Xilinx/Vivado/2022.2/tps/lnx64/binutils-2.37/bin/ld: /lib/x86_64-linux-gnu/libm.so.6: unknown type [0x13] section `.relr.dyn'
/tools/Xilinx/Vivado/2022.2/tps/lnx64/binutils-2.37/bin/ld: skipping incompatible /lib/x86_64-linux-gnu/libm.so.6 when searching for /lib/x86_64-linux-gnu/libm.so.6
/tools/Xilinx/Vivado/2022.2/tps/lnx64/binutils-2.37/bin/ld: /lib/x86_64-linux-gnu/libmvec.so.1: unknown type [0x13] section `.relr.dyn'
/tools/Xilinx/Vivado/2022.2/tps/lnx64/binutils-2.37/bin/ld: skipping incompatible /lib/x86_64-linux-gnu/libmvec.so.1 when searching for /lib/x86_64-linux-gnu/libmvec.so.1
/tools/Xilinx/Vivado/2022.2/tps/lnx64/binutils-2.37/bin/ld: cannot find /lib/x86_64-linux-gnu/libmvec.so.1
/tools/Xilinx/Vivado/2022.2/tps/lnx64/binutils-2.37/bin/ld: /lib/x86_64-linux-gnu/libmvec.so.1: unknown type [0x13] section `.relr.dyn'
/tools/Xilinx/Vivado/2022.2/tps/lnx64/binutils-2.37/bin/ld: skipping incompatible /lib/x86_64-linux-gnu/libmvec.so.1 when searching for /lib/x86_64-linux-gnu/libmvec.so.1
collect2: error: ld returned 1 exit status
make: *** [Makefile.rules:323: csim.exe] Error 1
ERR: [SIM 100] CSim file generation failed: compilation error(s).
INFO: [SIM 3] *************** CSIM finish ***************
